[debug] [2022-01-16T05:58:04.249Z] ----------------------------------------------------------------------
[debug] [2022-01-16T05:58:04.251Z] Command:       C:\Program Files\nodejs\node.exe C:\Users\User\AppData\Roaming\npm\node_modules\firebase-tools\lib\bin\firebase.js init
[debug] [2022-01-16T05:58:04.251Z] CLI Version:   9.23.0
[debug] [2022-01-16T05:58:04.251Z] Platform:      win32
[debug] [2022-01-16T05:58:04.251Z] Node Version:  v14.17.1
[debug] [2022-01-16T05:58:04.258Z] Time:          Sun Jan 16 2022 11:58:04 GMT+0600 (East Kazakhstan Time)
[debug] [2022-01-16T05:58:04.258Z] ----------------------------------------------------------------------
[debug] 
[debug] [2022-01-16T05:58:04.261Z] >>> [apiv2][query] GET https://firebase-public.firebaseio.com/cli.json [none]
[debug] [2022-01-16T05:58:04.323Z] > command requires scopes: ["email","openid","https://www.googleapis.com/auth/cloudplatformprojects.readonly","https://www.googleapis.com/auth/firebase","https://www.googleapis.com/auth/cloud-platform"]
[debug] [2022-01-16T05:58:04.323Z] > authorizing via signed-in user (webcoder3g@gmail.com)
[info] 
     ######## #### ########  ######## ########     ###     ######  ########
     ##        ##  ##     ## ##       ##     ##  ##   ##  ##       ##
     ######    ##  ########  ######   ########  #########  ######  ######
     ##        ##  ##    ##  ##       ##     ## ##     ##       ## ##
     ##       #### ##     ## ######## ########  ##     ##  ######  ########

You're about to initialize a Firebase project in this directory:

  F:\team project\team-project\zara-travel-agency-client

Before we get started, keep in mind:

  * You are initializing within an existing Firebase project directory

[debug] [2022-01-16T05:58:05.200Z] <<< [apiv2][status] GET https://firebase-public.firebaseio.com/cli.json 200
[debug] [2022-01-16T05:58:05.200Z] <<< [apiv2][body] GET https://firebase-public.firebaseio.com/cli.json {"cloudBuildErrorAfter":1594252800000,"cloudBuildWarnAfter":1590019200000,"defaultNode10After":1594252800000,"minVersion":"3.0.5","node8DeploysDisabledAfter":1613390400000,"node8RuntimeDisabledAfter":1615809600000,"node8WarnAfter":1600128000000}
